# JRE version: OpenJDK Runtime Environment (8.0_152-b01) (build 1.8.0_152-release-1343-b01)
# Java VM: OpenJDK 64-Bit Server VM (25.152-b01 mixed mode windows-amd64 compressed oops)
Heap:
 PSYoungGen      total 129536K, used 54697K [0x00000000f5580000, 0x00000000ffc80000, 0x0000000100000000)
  eden space 96256K, 25% used [0x00000000f5580000,0x00000000f6dd6ba0,0x00000000fb380000)
  from space 33280K, 89% used [0x00000000fd780000,0x00000000ff493b98,0x00000000ff800000)
  to   space 36864K, 0% used [0x00000000fb380000,0x00000000fb380000,0x00000000fd780000)
 ParOldGen       total 122368K, used 62784K [0x00000000e0000000, 0x00000000e7780000, 0x00000000f5580000)
  object space 122368K, 51% used [0x00000000e0000000,0x00000000e3d50388,0x00000000e7780000)
 Metaspace       used 91538K, capacity 95906K, committed 96152K, reserved 1132544K
  class space    used 11600K, capacity 12380K, committed 12464K, reserved 1048576K
GC Heap History (10 events):
Event: 187.387 GC heap before
{Heap before GC invocations=23 (full 3):
 PSYoungGen      total 135168K, used 134811K [0x00000000f5580000, 0x0000000100000000, 0x0000000100000000)
  eden space 114176K, 100% used [0x00000000f5580000,0x00000000fc500000,0x00000000fc500000)
  from space 20992K, 98% used [0x00000000fc500000,0x00000000fd926c20,0x00000000fd980000)
  to   space 31232K, 0% used [0x00000000fe180000,0x00000000fe180000,0x0000000100000000)
 ParOldGen       total 122368K, used 62752K [0x00000000e0000000, 0x00000000e7780000, 0x00000000f5580000)
  object space 122368K, 51% used [0x00000000e0000000,0x00000000e3d48388,0x00000000e7780000)
 Metaspace       used 87931K, capacity 91806K, committed 92056K, reserved 1130496K
  class space    used 11135K, capacity 11860K, committed 11952K, reserved 1048576K
Event: 187.404 GC heap after
Heap after GC invocations=23 (full 3):
 PSYoungGen      total 139264K, used 23578K [0x00000000f5580000, 0x0000000100000000, 0x0000000100000000)
  eden space 108032K, 0% used [0x00000000f5580000,0x00000000f5580000,0x00000000fbf00000)
  from space 31232K, 75% used [0x00000000fe180000,0x00000000ff886918,0x0000000100000000)
  to   space 33280K, 0% used [0x00000000fbf00000,0x00000000fbf00000,0x00000000fdf80000)
 ParOldGen       total 122368K, used 62760K [0x00000000e0000000, 0x00000000e7780000, 0x00000000f5580000)
  object space 122368K, 51% used [0x00000000e0000000,0x00000000e3d4a388,0x00000000e7780000)
 Metaspace       used 87931K, capacity 91806K, committed 92056K, reserved 1130496K
  class space    used 11135K, capacity 11860K, committed 11952K, reserved 1048576K
}
Event: 266.150 GC heap before
{Heap before GC invocations=24 (full 3):
 PSYoungGen      total 139264K, used 131610K [0x00000000f5580000, 0x0000000100000000, 0x0000000100000000)
  eden space 108032K, 100% used [0x00000000f5580000,0x00000000fbf00000,0x00000000fbf00000)
  from space 31232K, 75% used [0x00000000fe180000,0x00000000ff886918,0x0000000100000000)
  to   space 33280K, 0% used [0x00000000fbf00000,0x00000000fbf00000,0x00000000fdf80000)
 ParOldGen       total 122368K, used 62760K [0x00000000e0000000, 0x00000000e7780000, 0x00000000f5580000)
  object space 122368K, 51% used [0x00000000e0000000,0x00000000e3d4a388,0x00000000e7780000)
 Metaspace       used 90762K, capacity 94976K, committed 95000K, reserved 1132544K
  class space    used 11569K, capacity 12327K, committed 12336K, reserved 1048576K
Event: 266.162 GC heap after
Heap after GC invocations=24 (full 3):
 PSYoungGen      total 124928K, used 19729K [0x00000000f5580000, 0x00000000ffd00000, 0x0000000100000000)
  eden space 104960K, 0% used [0x00000000f5580000,0x00000000f5580000,0x00000000fbc00000)
  from space 19968K, 98% used [0x00000000fbf00000,0x00000000fd244630,0x00000000fd280000)
  to   space 33280K, 0% used [0x00000000fdc80000,0x00000000fdc80000,0x00000000ffd00000)
 ParOldGen       total 122368K, used 62768K [0x00000000e0000000, 0x00000000e7780000, 0x00000000f5580000)
  object space 122368K, 51% used [0x00000000e0000000,0x00000000e3d4c388,0x00000000e7780000)
 Metaspace       used 90762K, capacity 94976K, committed 95000K, reserved 1132544K
  class space    used 11569K, capacity 12327K, committed 12336K, reserved 1048576K
}
Event: 306.851 GC heap before
{Heap before GC invocations=25 (full 3):
 PSYoungGen      total 124928K, used 124689K [0x00000000f5580000, 0x00000000ffd00000, 0x0000000100000000)
  eden space 104960K, 100% used [0x00000000f5580000,0x00000000fbc00000,0x00000000fbc00000)
  from space 19968K, 98% used [0x00000000fbf00000,0x00000000fd244630,0x00000000fd280000)
  to   space 33280K, 0% used [0x00000000fdc80000,0x00000000fdc80000,0x00000000ffd00000)
 ParOldGen       total 122368K, used 62768K [0x00000000e0000000, 0x00000000e7780000, 0x00000000f5580000)
  object space 122368K, 51% used [0x00000000e0000000,0x00000000e3d4c388,0x00000000e7780000)
 Metaspace       used 91151K, capacity 95374K, committed 95640K, reserved 1132544K
  class space    used 11582K, capacity 12348K, committed 12464K, reserved 1048576K
Event: 306.866 GC heap after
Heap after GC invocations=25 (full 3):
 PSYoungGen      total 133120K, used 19631K [0x00000000f5580000, 0x00000000ffa80000, 0x0000000100000000)
  eden space 102400K, 0% used [0x00000000f5580000,0x00000000f5580000,0x00000000fb980000)
  from space 30720K, 63% used [0x00000000fdc80000,0x00000000fefabf00,0x00000000ffa80000)
  to   space 33280K, 0% used [0x00000000fb980000,0x00000000fb980000,0x00000000fda00000)
 ParOldGen       total 122368K, used 62768K [0x00000000e0000000, 0x00000000e7780000, 0x00000000f5580000)
  object space 122368K, 51% used [0x00000000e0000000,0x00000000e3d4c388,0x00000000e7780000)
 Metaspace       used 91151K, capacity 95374K, committed 95640K, reserved 1132544K
  class space    used 11582K, capacity 12348K, committed 12464K, reserved 1048576K
}
Event: 309.116 GC heap before
{Heap before GC invocations=26 (full 3):
 PSYoungGen      total 133120K, used 122031K [0x00000000f5580000, 0x00000000ffa80000, 0x0000000100000000)
  eden space 102400K, 100% used [0x00000000f5580000,0x00000000fb980000,0x00000000fb980000)
  from space 30720K, 63% used [0x00000000fdc80000,0x00000000fefabf00,0x00000000ffa80000)
  to   space 33280K, 0% used [0x00000000fb980000,0x00000000fb980000,0x00000000fda00000)
 ParOldGen       total 122368K, used 62768K [0x00000000e0000000, 0x00000000e7780000, 0x00000000f5580000)
  object space 122368K, 51% used [0x00000000e0000000,0x00000000e3d4c388,0x00000000e7780000)
 Metaspace       used 91218K, capacity 95452K, committed 95640K, reserved 1132544K
  class space    used 11583K, capacity 12349K, committed 12464K, reserved 1048576K
Event: 309.128 GC heap after
Heap after GC invocations=26 (full 3):
 PSYoungGen      total 121344K, used 21278K [0x00000000f5580000, 0x00000000ff800000, 0x0000000100000000)
  eden space 99840K, 0% used [0x00000000f5580000,0x00000000f5580000,0x00000000fb700000)
  from space 21504K, 98% used [0x00000000fb980000,0x00000000fce47ba8,0x00000000fce80000)
  to   space 33280K, 0% used [0x00000000fd780000,0x00000000fd780000,0x00000000ff800000)
 ParOldGen       total 122368K, used 62776K [0x00000000e0000000, 0x00000000e7780000, 0x00000000f5580000)
  object space 122368K, 51% used [0x00000000e0000000,0x00000000e3d4e388,0x00000000e7780000)
 Metaspace       used 91218K, capacity 95452K, committed 95640K, reserved 1132544K
  class space    used 11583K, capacity 12349K, committed 12464K, reserved 1048576K
}
Event: 475.738 GC heap before
{Heap before GC invocations=27 (full 3):
 PSYoungGen      total 121344K, used 121118K [0x00000000f5580000, 0x00000000ff800000, 0x0000000100000000)
  eden space 99840K, 100% used [0x00000000f5580000,0x00000000fb700000,0x00000000fb700000)
  from space 21504K, 98% used [0x00000000fb980000,0x00000000fce47ba8,0x00000000fce80000)
  to   space 33280K, 0% used [0x00000000fd780000,0x00000000fd780000,0x00000000ff800000)
 ParOldGen       total 122368K, used 62776K [0x00000000e0000000, 0x00000000e7780000, 0x00000000f5580000)
  object space 122368K, 51% used [0x00000000e0000000,0x00000000e3d4e388,0x00000000e7780000)
 Metaspace       used 91523K, capacity 95906K, committed 96152K, reserved 1132544K
  class space    used 11600K, capacity 12380K, committed 12464K, reserved 1048576K
Event: 475.758 GC heap after
Heap after GC invocations=27 (full 3):
 PSYoungGen      total 129536K, used 29774K [0x00000000f5580000, 0x00000000ffc80000, 0x0000000100000000)
  eden space 96256K, 0% used [0x00000000f5580000,0x00000000f5580000,0x00000000fb380000)
  from space 33280K, 89% used [0x00000000fd780000,0x00000000ff493b98,0x00000000ff800000)
  to   space 36864K, 0% used [0x00000000fb380000,0x00000000fb380000,0x00000000fd780000)
 ParOldGen       total 122368K, used 62784K [0x00000000e0000000, 0x00000000e7780000, 0x00000000f5580000)
  object space 122368K, 51% used [0x00000000e0000000,0x00000000e3d50388,0x00000000e7780000)
 Metaspace       used 91523K, capacity 95906K, committed 96152K, reserved 1132544K
  class space    used 11600K, capacity 12380K, committed 12464K, reserved 1048576K
}

