# JRE version: OpenJDK Runtime Environment (8.0_152-b01) (build 1.8.0_152-release-1343-b01)
# Java VM: OpenJDK 64-Bit Server VM (25.152-b01 mixed mode windows-amd64 compressed oops)
Heap:
 PSYoungGen      total 114688K, used 36063K [0x00000000f5580000, 0x0000000100000000, 0x0000000100000000)
  eden space 81408K, 3% used [0x00000000f5580000,0x00000000f583f068,0x00000000fa500000)
  from space 33280K, 99% used [0x00000000fcc00000,0x00000000fec78f30,0x00000000fec80000)
  to   space 39936K, 0% used [0x00000000fa500000,0x00000000fa500000,0x00000000fcc00000)
 ParOldGen       total 118784K, used 71269K [0x00000000e0000000, 0x00000000e7400000, 0x00000000f5580000)
  object space 118784K, 59% used [0x00000000e0000000,0x00000000e4599550,0x00000000e7400000)
 Metaspace       used 89230K, capacity 92406K, committed 92504K, reserved 1130496K
  class space    used 11201K, capacity 11858K, committed 11904K, reserved 1048576K
GC Heap History (10 events):
Event: 1164.756 GC heap before
{Heap before GC invocations=31 (full 3):
 PSYoungGen      total 133632K, used 106558K [0x00000000f5580000, 0x0000000100000000, 0x0000000100000000)
  eden space 92672K, 100% used [0x00000000f5580000,0x00000000fb000000,0x00000000fb000000)
  from space 40960K, 33% used [0x00000000fb000000,0x00000000fbd8fa58,0x00000000fd800000)
  to   space 39424K, 0% used [0x00000000fd980000,0x00000000fd980000,0x0000000100000000)
 ParOldGen       total 118784K, used 64057K [0x00000000e0000000, 0x00000000e7400000, 0x00000000f5580000)
  object space 118784K, 53% used [0x00000000e0000000,0x00000000e3e8e640,0x00000000e7400000)
 Metaspace       used 82493K, capacity 85590K, committed 85848K, reserved 1124352K
  class space    used 10483K, capacity 11112K, committed 11136K, reserved 1048576K
Event: 1164.771 GC heap after
Heap after GC invocations=31 (full 3):
 PSYoungGen      total 129024K, used 19318K [0x00000000f5580000, 0x00000000ffb80000, 0x0000000100000000)
  eden space 94208K, 0% used [0x00000000f5580000,0x00000000f5580000,0x00000000fb180000)
  from space 34816K, 55% used [0x00000000fd980000,0x00000000fec5d9c8,0x00000000ffb80000)
  to   space 37888K, 0% used [0x00000000fb180000,0x00000000fb180000,0x00000000fd680000)
 ParOldGen       total 118784K, used 64065K [0x00000000e0000000, 0x00000000e7400000, 0x00000000f5580000)
  object space 118784K, 53% used [0x00000000e0000000,0x00000000e3e90640,0x00000000e7400000)
 Metaspace       used 82493K, capacity 85590K, committed 85848K, reserved 1124352K
  class space    used 10483K, capacity 11112K, committed 11136K, reserved 1048576K
}
Event: 1195.583 GC heap before
{Heap before GC invocations=32 (full 3):
 PSYoungGen      total 129024K, used 113526K [0x00000000f5580000, 0x00000000ffb80000, 0x0000000100000000)
  eden space 94208K, 100% used [0x00000000f5580000,0x00000000fb180000,0x00000000fb180000)
  from space 34816K, 55% used [0x00000000fd980000,0x00000000fec5d9c8,0x00000000ffb80000)
  to   space 37888K, 0% used [0x00000000fb180000,0x00000000fb180000,0x00000000fd680000)
 ParOldGen       total 118784K, used 64065K [0x00000000e0000000, 0x00000000e7400000, 0x00000000f5580000)
  object space 118784K, 53% used [0x00000000e0000000,0x00000000e3e90640,0x00000000e7400000)
 Metaspace       used 83047K, capacity 86140K, committed 86488K, reserved 1124352K
  class space    used 10526K, capacity 11145K, committed 11264K, reserved 1048576K
Event: 1195.594 GC heap after
Heap after GC invocations=32 (full 3):
 PSYoungGen      total 108544K, used 16001K [0x00000000f5580000, 0x00000000ff680000, 0x0000000100000000)
  eden space 92160K, 0% used [0x00000000f5580000,0x00000000f5580000,0x00000000faf80000)
  from space 16384K, 97% used [0x00000000fb180000,0x00000000fc120438,0x00000000fc180000)
  to   space 36352K, 0% used [0x00000000fd300000,0x00000000fd300000,0x00000000ff680000)
 ParOldGen       total 118784K, used 64073K [0x00000000e0000000, 0x00000000e7400000, 0x00000000f5580000)
  object space 118784K, 53% used [0x00000000e0000000,0x00000000e3e92640,0x00000000e7400000)
 Metaspace       used 83047K, capacity 86140K, committed 86488K, reserved 1124352K
  class space    used 10526K, capacity 11145K, committed 11264K, reserved 1048576K
}
Event: 1218.375 GC heap before
{Heap before GC invocations=33 (full 3):
 PSYoungGen      total 108544K, used 108161K [0x00000000f5580000, 0x00000000ff680000, 0x0000000100000000)
  eden space 92160K, 100% used [0x00000000f5580000,0x00000000faf80000,0x00000000faf80000)
  from space 16384K, 97% used [0x00000000fb180000,0x00000000fc120438,0x00000000fc180000)
  to   space 36352K, 0% used [0x00000000fd300000,0x00000000fd300000,0x00000000ff680000)
 ParOldGen       total 118784K, used 64073K [0x00000000e0000000, 0x00000000e7400000, 0x00000000f5580000)
  object space 118784K, 53% used [0x00000000e0000000,0x00000000e3e92640,0x00000000e7400000)
 Metaspace       used 83799K, capacity 86902K, committed 87000K, reserved 1124352K
  class space    used 10593K, capacity 11218K, committed 11264K, reserved 1048576K
Event: 1218.392 GC heap after
Heap after GC invocations=33 (full 3):
 PSYoungGen      total 121344K, used 16454K [0x00000000f5580000, 0x00000000ff180000, 0x0000000100000000)
  eden space 90112K, 0% used [0x00000000f5580000,0x00000000f5580000,0x00000000fad80000)
  from space 31232K, 52% used [0x00000000fd300000,0x00000000fe311988,0x00000000ff180000)
  to   space 34816K, 0% used [0x00000000fad80000,0x00000000fad80000,0x00000000fcf80000)
 ParOldGen       total 118784K, used 64081K [0x00000000e0000000, 0x00000000e7400000, 0x00000000f5580000)
  object space 118784K, 53% used [0x00000000e0000000,0x00000000e3e94640,0x00000000e7400000)
 Metaspace       used 83799K, capacity 86902K, committed 87000K, reserved 1124352K
  class space    used 10593K, capacity 11218K, committed 11264K, reserved 1048576K
}
Event: 1220.443 GC heap before
{Heap before GC invocations=34 (full 3):
 PSYoungGen      total 121344K, used 106566K [0x00000000f5580000, 0x00000000ff180000, 0x0000000100000000)
  eden space 90112K, 100% used [0x00000000f5580000,0x00000000fad80000,0x00000000fad80000)
  from space 31232K, 52% used [0x00000000fd300000,0x00000000fe311988,0x00000000ff180000)
  to   space 34816K, 0% used [0x00000000fad80000,0x00000000fad80000,0x00000000fcf80000)
 ParOldGen       total 118784K, used 64081K [0x00000000e0000000, 0x00000000e7400000, 0x00000000f5580000)
  object space 118784K, 53% used [0x00000000e0000000,0x00000000e3e94640,0x00000000e7400000)
 Metaspace       used 84225K, capacity 87478K, committed 87640K, reserved 1126400K
  class space    used 10652K, capacity 11346K, committed 11392K, reserved 1048576K
Event: 1220.455 GC heap after
Heap after GC invocations=34 (full 3):
 PSYoungGen      total 104448K, used 16334K [0x00000000f5580000, 0x00000000fec80000, 0x0000000100000000)
  eden space 88064K, 0% used [0x00000000f5580000,0x00000000f5580000,0x00000000fab80000)
  from space 16384K, 99% used [0x00000000fad80000,0x00000000fbd73970,0x00000000fbd80000)
  to   space 33280K, 0% used [0x00000000fcc00000,0x00000000fcc00000,0x00000000fec80000)
 ParOldGen       total 118784K, used 64089K [0x00000000e0000000, 0x00000000e7400000, 0x00000000f5580000)
  object space 118784K, 53% used [0x00000000e0000000,0x00000000e3e96640,0x00000000e7400000)
 Metaspace       used 84225K, capacity 87478K, committed 87640K, reserved 1126400K
  class space    used 10652K, capacity 11346K, committed 11392K, reserved 1048576K
}
Event: 1223.072 GC heap before
{Heap before GC invocations=35 (full 3):
 PSYoungGen      total 104448K, used 104398K [0x00000000f5580000, 0x00000000fec80000, 0x0000000100000000)
  eden space 88064K, 100% used [0x00000000f5580000,0x00000000fab80000,0x00000000fab80000)
  from space 16384K, 99% used [0x00000000fad80000,0x00000000fbd73970,0x00000000fbd80000)
  to   space 33280K, 0% used [0x00000000fcc00000,0x00000000fcc00000,0x00000000fec80000)
 ParOldGen       total 118784K, used 64089K [0x00000000e0000000, 0x00000000e7400000, 0x00000000f5580000)
  object space 118784K, 53% used [0x00000000e0000000,0x00000000e3e96640,0x00000000e7400000)
 Metaspace       used 89102K, capacity 92278K, committed 92504K, reserved 1130496K
  class space    used 11201K, capacity 11858K, committed 11904K, reserved 1048576K
Event: 1223.109 GC heap after
Heap after GC invocations=35 (full 3):
 PSYoungGen      total 114688K, used 33251K [0x00000000f5580000, 0x0000000100000000, 0x0000000100000000)
  eden space 81408K, 0% used [0x00000000f5580000,0x00000000f5580000,0x00000000fa500000)
  from space 33280K, 99% used [0x00000000fcc00000,0x00000000fec78f30,0x00000000fec80000)
  to   space 39936K, 0% used [0x00000000fa500000,0x00000000fa500000,0x00000000fcc00000)
 ParOldGen       total 118784K, used 71269K [0x00000000e0000000, 0x00000000e7400000, 0x00000000f5580000)
  object space 118784K, 59% used [0x00000000e0000000,0x00000000e4599550,0x00000000e7400000)
 Metaspace       used 89102K, capacity 92278K, committed 92504K, reserved 1130496K
  class space    used 11201K, capacity 11858K, committed 11904K, reserved 1048576K
}

