# JRE version: OpenJDK Runtime Environment (8.0_152-b01) (build 1.8.0_152-release-1248-b01)
# Java VM: OpenJDK 64-Bit Server VM (25.152-b01 mixed mode windows-amd64 compressed oops)
Heap:
 PSYoungGen      total 331264K, used 101663K [0x00000000eab00000, 0x0000000100000000, 0x0000000100000000)
  eden space 314880K, 31% used [0x00000000eab00000,0x00000000f0b480c0,0x00000000fde80000)
  from space 16384K, 18% used [0x00000000fde80000,0x00000000fe17fc48,0x00000000fee80000)
  to   space 15872K, 0% used [0x00000000ff080000,0x00000000ff080000,0x0000000100000000)
 ParOldGen       total 178176K, used 56966K [0x00000000c0000000, 0x00000000cae00000, 0x00000000eab00000)
  object space 178176K, 31% used [0x00000000c0000000,0x00000000c37a1a70,0x00000000cae00000)
 Metaspace       used 96084K, capacity 101264K, committed 101504K, reserved 1138688K
  class space    used 11815K, capacity 12797K, committed 12928K, reserved 1048576K
GC Heap History (10 events):
Event: 5665.735 GC heap before
{Heap before GC invocations=79 (full 4):
 PSYoungGen      total 311808K, used 298829K [0x00000000eab00000, 0x00000000ff080000, 0x0000000100000000)
  eden space 296448K, 100% used [0x00000000eab00000,0x00000000fcc80000,0x00000000fcc80000)
  from space 15360K, 15% used [0x00000000fe180000,0x00000000fe3d3540,0x00000000ff080000)
  to   space 18432K, 0% used [0x00000000fcc80000,0x00000000fcc80000,0x00000000fde80000)
 ParOldGen       total 178176K, used 53175K [0x00000000c0000000, 0x00000000cae00000, 0x00000000eab00000)
  object space 178176K, 29% used [0x00000000c0000000,0x00000000c33edea8,0x00000000cae00000)
 Metaspace       used 95964K, capacity 101190K, committed 101504K, reserved 1138688K
  class space    used 11812K, capacity 12796K, committed 12928K, reserved 1048576K
Event: 5665.741 GC heap after
Heap after GC invocations=79 (full 4):
 PSYoungGen      total 314880K, used 2694K [0x00000000eab00000, 0x0000000100000000, 0x0000000100000000)
  eden space 296448K, 0% used [0x00000000eab00000,0x00000000eab00000,0x00000000fcc80000)
  from space 18432K, 14% used [0x00000000fcc80000,0x00000000fcf21958,0x00000000fde80000)
  to   space 17920K, 0% used [0x00000000fee80000,0x00000000fee80000,0x0000000100000000)
 ParOldGen       total 178176K, used 53436K [0x00000000c0000000, 0x00000000cae00000, 0x00000000eab00000)
  object space 178176K, 29% used [0x00000000c0000000,0x00000000c342f3c0,0x00000000cae00000)
 Metaspace       used 95964K, capacity 101190K, committed 101504K, reserved 1138688K
  class space    used 11812K, capacity 12796K, committed 12928K, reserved 1048576K
}
Event: 5665.744 GC heap before
{Heap before GC invocations=80 (full 4):
 PSYoungGen      total 314880K, used 4562K [0x00000000eab00000, 0x0000000100000000, 0x0000000100000000)
  eden space 296448K, 0% used [0x00000000eab00000,0x00000000eacd3240,0x00000000fcc80000)
  from space 18432K, 14% used [0x00000000fcc80000,0x00000000fcf21958,0x00000000fde80000)
  to   space 17920K, 0% used [0x00000000fee80000,0x00000000fee80000,0x0000000100000000)
 ParOldGen       total 178176K, used 53436K [0x00000000c0000000, 0x00000000cae00000, 0x00000000eab00000)
  object space 178176K, 29% used [0x00000000c0000000,0x00000000c342f3c0,0x00000000cae00000)
 Metaspace       used 95964K, capacity 101190K, committed 101504K, reserved 1138688K
  class space    used 11812K, capacity 12796K, committed 12928K, reserved 1048576K
Event: 5665.748 GC heap after
Heap after GC invocations=80 (full 4):
 PSYoungGen      total 329216K, used 64K [0x00000000eab00000, 0x00000000ffe80000, 0x0000000100000000)
  eden space 312832K, 0% used [0x00000000eab00000,0x00000000eab00000,0x00000000fdc80000)
  from space 16384K, 0% used [0x00000000fee80000,0x00000000fee90000,0x00000000ffe80000)
  to   space 17408K, 0% used [0x00000000fdc80000,0x00000000fdc80000,0x00000000fed80000)
 ParOldGen       total 178176K, used 54901K [0x00000000c0000000, 0x00000000cae00000, 0x00000000eab00000)
  object space 178176K, 30% used [0x00000000c0000000,0x00000000c359d7e0,0x00000000cae00000)
 Metaspace       used 95964K, capacity 101190K, committed 101504K, reserved 1138688K
  class space    used 11812K, capacity 12796K, committed 12928K, reserved 1048576K
}
Event: 5666.374 GC heap before
{Heap before GC invocations=81 (full 4):
 PSYoungGen      total 329216K, used 312896K [0x00000000eab00000, 0x00000000ffe80000, 0x0000000100000000)
  eden space 312832K, 100% used [0x00000000eab00000,0x00000000fdc80000,0x00000000fdc80000)
  from space 16384K, 0% used [0x00000000fee80000,0x00000000fee90000,0x00000000ffe80000)
  to   space 17408K, 0% used [0x00000000fdc80000,0x00000000fdc80000,0x00000000fed80000)
 ParOldGen       total 178176K, used 54901K [0x00000000c0000000, 0x00000000cae00000, 0x00000000eab00000)
  object space 178176K, 30% used [0x00000000c0000000,0x00000000c359d7e0,0x00000000cae00000)
 Metaspace       used 95986K, capacity 101190K, committed 101504K, reserved 1138688K
  class space    used 11814K, capacity 12796K, committed 12928K, reserved 1048576K
Event: 5666.383 GC heap after
Heap after GC invocations=81 (full 4):
 PSYoungGen      total 330240K, used 7422K [0x00000000eab00000, 0x0000000100000000, 0x0000000100000000)
  eden space 312832K, 0% used [0x00000000eab00000,0x00000000eab00000,0x00000000fdc80000)
  from space 17408K, 42% used [0x00000000fdc80000,0x00000000fe3bf8f0,0x00000000fed80000)
  to   space 16896K, 0% used [0x00000000fef80000,0x00000000fef80000,0x0000000100000000)
 ParOldGen       total 178176K, used 54917K [0x00000000c0000000, 0x00000000cae00000, 0x00000000eab00000)
  object space 178176K, 30% used [0x00000000c0000000,0x00000000c35a17e0,0x00000000cae00000)
 Metaspace       used 95986K, capacity 101190K, committed 101504K, reserved 1138688K
  class space    used 11814K, capacity 12796K, committed 12928K, reserved 1048576K
}
Event: 5667.056 GC heap before
{Heap before GC invocations=82 (full 4):
 PSYoungGen      total 330240K, used 320254K [0x00000000eab00000, 0x0000000100000000, 0x0000000100000000)
  eden space 312832K, 100% used [0x00000000eab00000,0x00000000fdc80000,0x00000000fdc80000)
  from space 17408K, 42% used [0x00000000fdc80000,0x00000000fe3bf8f0,0x00000000fed80000)
  to   space 16896K, 0% used [0x00000000fef80000,0x00000000fef80000,0x0000000100000000)
 ParOldGen       total 178176K, used 54917K [0x00000000c0000000, 0x00000000cae00000, 0x00000000eab00000)
  object space 178176K, 30% used [0x00000000c0000000,0x00000000c35a17e0,0x00000000cae00000)
 Metaspace       used 96003K, capacity 101194K, committed 101504K, reserved 1138688K
  class space    used 11815K, capacity 12796K, committed 12928K, reserved 1048576K
Event: 5667.066 GC heap after
Heap after GC invocations=82 (full 4):
 PSYoungGen      total 330240K, used 6317K [0x00000000eab00000, 0x00000000ffe80000, 0x0000000100000000)
  eden space 314880K, 0% used [0x00000000eab00000,0x00000000eab00000,0x00000000fde80000)
  from space 15360K, 41% used [0x00000000fef80000,0x00000000ff5ab600,0x00000000ffe80000)
  to   space 16384K, 0% used [0x00000000fde80000,0x00000000fde80000,0x00000000fee80000)
 ParOldGen       total 178176K, used 56124K [0x00000000c0000000, 0x00000000cae00000, 0x00000000eab00000)
  object space 178176K, 31% used [0x00000000c0000000,0x00000000c36cf3f0,0x00000000cae00000)
 Metaspace       used 96003K, capacity 101194K, committed 101504K, reserved 1138688K
  class space    used 11815K, capacity 12796K, committed 12928K, reserved 1048576K
}
Event: 5667.667 GC heap before
{Heap before GC invocations=83 (full 4):
 PSYoungGen      total 330240K, used 321197K [0x00000000eab00000, 0x00000000ffe80000, 0x0000000100000000)
  eden space 314880K, 100% used [0x00000000eab00000,0x00000000fde80000,0x00000000fde80000)
  from space 15360K, 41% used [0x00000000fef80000,0x00000000ff5ab600,0x00000000ffe80000)
  to   space 16384K, 0% used [0x00000000fde80000,0x00000000fde80000,0x00000000fee80000)
 ParOldGen       total 178176K, used 56124K [0x00000000c0000000, 0x00000000cae00000, 0x00000000eab00000)
  object space 178176K, 31% used [0x00000000c0000000,0x00000000c36cf3f0,0x00000000cae00000)
 Metaspace       used 96007K, capacity 101194K, committed 101504K, reserved 1138688K
  class space    used 11815K, capacity 12796K, committed 12928K, reserved 1048576K
Event: 5667.674 GC heap after
Heap after GC invocations=83 (full 4):
 PSYoungGen      total 331264K, used 3071K [0x00000000eab00000, 0x0000000100000000, 0x0000000100000000)
  eden space 314880K, 0% used [0x00000000eab00000,0x00000000eab00000,0x00000000fde80000)
  from space 16384K, 18% used [0x00000000fde80000,0x00000000fe17fc48,0x00000000fee80000)
  to   space 15872K, 0% used [0x00000000ff080000,0x00000000ff080000,0x0000000100000000)
 ParOldGen       total 178176K, used 56966K [0x00000000c0000000, 0x00000000cae00000, 0x00000000eab00000)
  object space 178176K, 31% used [0x00000000c0000000,0x00000000c37a1a70,0x00000000cae00000)
 Metaspace       used 96007K, capacity 101194K, committed 101504K, reserved 1138688K
  class space    used 11815K, capacity 12796K, committed 12928K, reserved 1048576K
}

